<?xml version="1.0" encoding="UTF-8"?>
<!-- Generated by org.testng.reporters.JUnitXMLReporter -->
<testsuite hostname="Apples-MBP-2" name="iOSGCash" tests="7" failures="0" timestamp="10 Oct 2022 07:55:11 GMT" time="770.661" errors="0">
  <testcase name="plobalLogin" time="39.599" classname="com.GCash.iOS_GCash_Scripts.IOS_GCash_Test_cases"/>
  <testcase name="plobalSelectItem" time="73.829" classname="com.GCash.iOS_GCash_Scripts.IOS_GCash_Test_cases"/>
  <testcase name="plobalAppLaunch" time="9.406" classname="com.GCash.iOS_GCash_Scripts.IOS_GCash_Test_cases"/>
  <testcase name="plobalDeliveryAddress" time="115.994" classname="com.GCash.iOS_GCash_Scripts.IOS_GCash_Test_cases"/>
  <testcase name="plobalSearchProduct" time="137.975" classname="com.GCash.iOS_GCash_Scripts.IOS_GCash_Test_cases"/>
  <testcase name="plobalBarCaodeSearchProduct" time="228.936" classname="com.GCash.iOS_GCash_Scripts.IOS_GCash_Test_cases"/>
  <testcase name="plobalLogout" time="36.191" classname="com.GCash.iOS_GCash_Scripts.IOS_GCash_Test_cases"/>
</testsuite> <!-- iOSGCash -->
