<?xml version="1.0" encoding="UTF-8"?>
<!-- Generated by org.testng.reporters.JUnitXMLReporter -->
<testsuite hostname="IGSs-MacBook-Pro.local" name="Default test" tests="8" failures="0" timestamp="15 Sep 2022 16:29:07 GMT" time="1.064" errors="0">
  <testcase name="@BeforeTest init" time="0.0" classname="com.GCash.iOS_GCash_Scripts.IOS_GCash_Test_cases">
    <skipped/>
  </testcase> <!-- @BeforeTest init -->
  <testcase name="VerifyFeedScreen_part1" time="0.001" classname="com.GCash.iOS_GCash_Scripts.IOS_GCash_Test_cases">
    <skipped/>
  </testcase> <!-- VerifyFeedScreen_part1 -->
  <testcase name="VerifyFeedScreen_part2" time="0.001" classname="com.GCash.iOS_GCash_Scripts.IOS_GCash_Test_cases">
    <skipped/>
  </testcase> <!-- VerifyFeedScreen_part2 -->
  <testcase name="VerifyFeedScreen_part3" time="0.001" classname="com.GCash.iOS_GCash_Scripts.IOS_GCash_Test_cases">
    <skipped/>
  </testcase> <!-- VerifyFeedScreen_part3 -->
  <testcase name="VerifyFeedScreen_part4" time="0.001" classname="com.GCash.iOS_GCash_Scripts.IOS_GCash_Test_cases">
    <skipped/>
  </testcase> <!-- VerifyFeedScreen_part4 -->
  <testcase name="VerifyFeedScreen_part5" time="0.001" classname="com.GCash.iOS_GCash_Scripts.IOS_GCash_Test_cases">
    <skipped/>
  </testcase> <!-- VerifyFeedScreen_part5 -->
  <testcase name="VerifyFeedScreen_part6" time="0.001" classname="com.GCash.iOS_GCash_Scripts.IOS_GCash_Test_cases">
    <skipped/>
  </testcase> <!-- VerifyFeedScreen_part6 -->
  <testcase name="VerifyFeedScreen_part7" time="0.001" classname="com.GCash.iOS_GCash_Scripts.IOS_GCash_Test_cases">
    <skipped/>
  </testcase> <!-- VerifyFeedScreen_part7 -->
  <testcase name="VerifyFeedScreen_part8" time="0.001" classname="com.GCash.iOS_GCash_Scripts.IOS_GCash_Test_cases">
    <skipped/>
  </testcase> <!-- VerifyFeedScreen_part8 -->
</testsuite> <!-- Default test -->
