<?xml version="1.0" encoding="UTF-8"?>
<!-- Generated by org.testng.reporters.JUnitXMLReporter -->
<testsuite hostname="Apples-MBP-2" name="iOSGCash" tests="7" failures="0" timestamp="10 Oct 2022 08:22:36 GMT" time="2.172" errors="0">
  <testcase name="@BeforeTest init" time="0.0" classname="com.Plobal.iOS_Plobal_Scripts.IOS_Plobal_Test_cases">
    <failure type="java.lang.NullPointerException">
      <![CDATA[java.lang.NullPointerException
	at com.driverInstance.Drivertools.<init>(Drivertools.java:347)
	at com.driverInstance.DriverInstance.<init>(DriverInstance.java:39)
	at com.business.plobal.PlobalBusinessLogic.<init>(PlobalBusinessLogic.java:63)
	at com.Plobal.iOS_Plobal_Scripts.IOS_Plobal_Test_cases.init(IOS_Plobal_Test_cases.java:19)
... Removed 22 stack frames]]>
    </failure>
  </testcase> <!-- @BeforeTest init -->
  <testcase name="@AfterTest plobalAppQuit" time="0.0" classname="com.Plobal.iOS_Plobal_Scripts.IOS_Plobal_Test_cases">
    <skipped/>
  </testcase> <!-- @AfterTest plobalAppQuit -->
  <testcase name="plobalLogin" time="0.002" classname="com.Plobal.iOS_Plobal_Scripts.IOS_Plobal_Test_cases">
    <skipped/>
  </testcase> <!-- plobalLogin -->
  <testcase name="plobalSelectItem" time="0.001" classname="com.Plobal.iOS_Plobal_Scripts.IOS_Plobal_Test_cases">
    <skipped/>
  </testcase> <!-- plobalSelectItem -->
  <testcase name="addProductToCart" time="0.0" classname="com.Plobal.iOS_Plobal_Scripts.IOS_Plobal_Test_cases">
    <skipped/>
  </testcase> <!-- addProductToCart -->
  <testcase name="plobalDeliveryAddress" time="0.001" classname="com.Plobal.iOS_Plobal_Scripts.IOS_Plobal_Test_cases">
    <skipped/>
  </testcase> <!-- plobalDeliveryAddress -->
  <testcase name="plobalSearchProduct" time="0.001" classname="com.Plobal.iOS_Plobal_Scripts.IOS_Plobal_Test_cases">
    <skipped/>
  </testcase> <!-- plobalSearchProduct -->
  <testcase name="plobalBarCaodeSearchProduct" time="0.001" classname="com.Plobal.iOS_Plobal_Scripts.IOS_Plobal_Test_cases">
    <skipped/>
  </testcase> <!-- plobalBarCaodeSearchProduct -->
  <testcase name="plobalLogout" time="0.001" classname="com.Plobal.iOS_Plobal_Scripts.IOS_Plobal_Test_cases">
    <skipped/>
  </testcase> <!-- plobalLogout -->
</testsuite> <!-- iOSGCash -->
