<?xml version="1.0" encoding="UTF-8"?>
<testsuite xmlns:xsi="http://www.w3.org/2001/XMLSchema-instance" xsi:noNamespaceSchemaLocation="https://maven.apache.org/surefire/maven-surefire-plugin/xsd/surefire-test-report.xsd" name="TestSuite" time="15.438" tests="16" errors="0" skipped="9" failures="7">
  <properties>
[...]
</properties>
  <testcase name="init" classname="com.Plobal.iOS_Plobal_Scripts.IOS_Plobal_Test_cases" time="0">
    <skipped message="Device not connected OR Appium Studio service is down..."/>
    <system-out><![CDATA[2022-10-11 15:24:18,473 main ERROR Unable to locate appender "FILE" for logger config "root"
2022-10-11 15:24:20,860 [main] INFO  binary_data_logger - Build 
2022-10-11 15:24:26,790 [main] INFO  binary_data_logger - PlatForm :: Plobal_iOS
2022-10-11 15:24:26,793 [main] INFO  binary_data_logger - Running Test :: iOSPlobal
2022-10-11 15:24:26,793 [main] INFO  binary_data_logger - Run Mode :: YES
2022-10-11 15:24:26,951 [main] INFO  binary_data_logger - Tapping on Plobal app
]]></system-out>
    <system-err><![CDATA[SLF4J: Class path contains multiple SLF4J bindings.
SLF4J: Found binding in [jar:file:/C:/Windows/system32/config/systemprofile/.m2/repository/ch/qos/logback/logback-classic/1.2.3/logback-classic-1.2.3.jar!/org/slf4j/impl/StaticLoggerBinder.class]
SLF4J: Found binding in [jar:file:/C:/Windows/system32/config/systemprofile/.m2/repository/org/apache/logging/log4j/log4j-slf4j-impl/2.13.2/log4j-slf4j-impl-2.13.2.jar!/org/slf4j/impl/StaticLoggerBinder.class]
SLF4J: See http://www.slf4j.org/codes.html#multiple_bindings for an explanation.
SLF4J: Actual binding is of type [ch.qos.logback.classic.util.ContextSelectorStaticBinder]
org.openqa.selenium.SessionNotCreatedException: Unable to create a new remote session. Please check the server log for more details. Original error: An unknown server-side error occurred while processing the command. Original error: Unknown device or simulator UDID: '02bb95913cd357408c445e73802534f53aa8d30d'
Build info: version: '3.141.59', revision: 'e82be7d358', time: '2018-11-14T08:17:03'
System info: host: 'DESKTOP-077G3EM', ip: '172.31.98.4', os.name: 'Windows 10', os.arch: 'x86', os.version: '10.0', java.version: '1.8.0_202'
Driver info: driver.version: IOSDriver
remote stacktrace: UnknownError: An unknown server-side error occurred while processing the command. Original error: Unknown device or simulator UDID: '02bb95913cd357408c445e73802534f53aa8d30d'
    at getResponseForW3CError (C:\Users\IGS0501\AppData\Roaming\npm\node_modules\appium\node_modules\appium-base-driver\lib\protocol\errors.js:804:9)
    at asyncHandler (C:\Users\IGS0501\AppData\Roaming\npm\node_modules\appium\node_modules\appium-base-driver\lib\protocol\protocol.js:380:37)
Build info: version: '3.141.59', revision: 'e82be7d358', time: '2018-11-14T08:17:03'
System info: host: 'DESKTOP-077G3EM', ip: '172.31.98.4', os.name: 'Windows 10', os.arch: 'x86', os.version: '10.0', java.version: '1.8.0_202'
Driver info: driver.version: IOSDriver
	at io.appium.java_client.remote.AppiumCommandExecutor$1.createSession(AppiumCommandExecutor.java:208)
	at io.appium.java_client.remote.AppiumCommandExecutor.createSession(AppiumCommandExecutor.java:217)
	at io.appium.java_client.remote.AppiumCommandExecutor.execute(AppiumCommandExecutor.java:239)
	at org.openqa.selenium.remote.RemoteWebDriver.execute(RemoteWebDriver.java:552)
	at io.appium.java_client.DefaultGenericMobileDriver.execute(DefaultGenericMobileDriver.java:41)
	at io.appium.java_client.AppiumDriver.execute(AppiumDriver.java:1)
	at io.appium.java_client.ios.IOSDriver.execute(IOSDriver.java:1)
	at org.openqa.selenium.remote.RemoteWebDriver.startSession(RemoteWebDriver.java:213)
	at io.appium.java_client.AppiumDriver.startSession(AppiumDriver.java:323)
	at org.openqa.selenium.remote.RemoteWebDriver.<init>(RemoteWebDriver.java:131)
	at io.appium.java_client.DefaultGenericMobileDriver.<init>(DefaultGenericMobileDriver.java:37)
	at io.appium.java_client.AppiumDriver.<init>(AppiumDriver.java:86)
	at io.appium.java_client.AppiumDriver.<init>(AppiumDriver.java:96)
	at io.appium.java_client.ios.IOSDriver.<init>(IOSDriver.java:92)
	at com.driverInstance.DriverInstance.<init>(DriverInstance.java:65)
	at com.business.plobal.PlobalBusinessLogic.<init>(PlobalBusinessLogic.java:62)
	at com.Plobal.iOS_Plobal_Scripts.IOS_Plobal_Test_cases.init(IOS_Plobal_Test_cases.java:19)
	at sun.reflect.NativeMethodAccessorImpl.invoke0(Native Method)
	at sun.reflect.NativeMethodAccessorImpl.invoke(NativeMethodAccessorImpl.java:62)
	at sun.reflect.DelegatingMethodAccessorImpl.invoke(DelegatingMethodAccessorImpl.java:43)
	at java.lang.reflect.Method.invoke(Method.java:498)
	at org.testng.internal.MethodInvocationHelper.invokeMethod(MethodInvocationHelper.java:86)
	at org.testng.internal.Invoker.invokeConfigurationMethod(Invoker.java:514)
	at org.testng.internal.Invoker.invokeConfigurations(Invoker.java:215)
	at org.testng.internal.Invoker.invokeConfigurations(Invoker.java:142)
	at org.testng.TestRunner.beforeRun(TestRunner.java:656)
	at org.testng.TestRunner.run(TestRunner.java:624)
	at org.testng.SuiteRunner.runTest(SuiteRunner.java:366)
	at org.testng.SuiteRunner.runSequentially(SuiteRunner.java:361)
	at org.testng.SuiteRunner.privateRun(SuiteRunner.java:319)
	at org.testng.SuiteRunner.run(SuiteRunner.java:268)
	at org.testng.SuiteRunnerWorker.runSuite(SuiteRunnerWorker.java:52)
	at org.testng.SuiteRunnerWorker.run(SuiteRunnerWorker.java:86)
	at org.testng.TestNG.runSuitesSequentially(TestNG.java:1244)
	at org.testng.TestNG.runSuitesLocally(TestNG.java:1169)
	at org.testng.TestNG.run(TestNG.java:1064)
	at org.apache.maven.surefire.testng.TestNGExecutor.run(TestNGExecutor.java:283)
	at org.apache.maven.surefire.testng.TestNGXmlTestSuite.execute(TestNGXmlTestSuite.java:75)
	at org.apache.maven.surefire.testng.TestNGProvider.invoke(TestNGProvider.java:120)
	at org.apache.maven.surefire.booter.ForkedBooter.invokeProviderInSameClassLoader(ForkedBooter.java:386)
	at org.apache.maven.surefire.booter.ForkedBooter.runSuitesInProcess(ForkedBooter.java:323)
	at org.apache.maven.surefire.booter.ForkedBooter.main(ForkedBooter.java:143)
Caused by: java.lang.reflect.InvocationTargetException
	at sun.reflect.NativeMethodAccessorImpl.invoke0(Native Method)
	at sun.reflect.NativeMethodAccessorImpl.invoke(NativeMethodAccessorImpl.java:62)
	at sun.reflect.DelegatingMethodAccessorImpl.invoke(DelegatingMethodAccessorImpl.java:43)
	at java.lang.reflect.Method.invoke(Method.java:498)
	at io.appium.java_client.remote.AppiumCommandExecutor$1.createSession(AppiumCommandExecutor.java:186)
	... 41 more
Caused by: org.openqa.selenium.WebDriverException: An unknown server-side error occurred while processing the command. Original error: Unknown device or simulator UDID: '02bb95913cd357408c445e73802534f53aa8d30d'
Build info: version: '3.141.59', revision: 'e82be7d358', time: '2018-11-14T08:17:03'
System info: host: 'DESKTOP-077G3EM', ip: '172.31.98.4', os.name: 'Windows 10', os.arch: 'x86', os.version: '10.0', java.version: '1.8.0_202'
Driver info: driver.version: IOSDriver
remote stacktrace: UnknownError: An unknown server-side error occurred while processing the command. Original error: Unknown device or simulator UDID: '02bb95913cd357408c445e73802534f53aa8d30d'
    at getResponseForW3CError (C:\Users\IGS0501\AppData\Roaming\npm\node_modules\appium\node_modules\appium-base-driver\lib\protocol\errors.js:804:9)
    at asyncHandler (C:\Users\IGS0501\AppData\Roaming\npm\node_modules\appium\node_modules\appium-base-driver\lib\protocol\protocol.js:380:37)
	at sun.reflect.NativeConstructorAccessorImpl.newInstance0(Native Method)
	at sun.reflect.NativeConstructorAccessorImpl.newInstance(NativeConstructorAccessorImpl.java:62)
	at sun.reflect.DelegatingConstructorAccessorImpl.newInstance(DelegatingConstructorAccessorImpl.java:45)
	at java.lang.reflect.Constructor.newInstance(Constructor.java:423)
	at org.openqa.selenium.remote.W3CHandshakeResponse.lambda$errorHandler$0(W3CHandshakeResponse.java:62)
	at org.openqa.selenium.remote.HandshakeResponse.lambda$getResponseFunction$0(HandshakeResponse.java:30)
	at org.openqa.selenium.remote.ProtocolHandshake.lambda$createSession$0(ProtocolHandshake.java:126)
	at java.util.stream.ReferencePipeline$3$1.accept(ReferencePipeline.java:193)
	at java.util.Spliterators$ArraySpliterator.tryAdvance(Spliterators.java:958)
	at java.util.stream.ReferencePipeline.forEachWithCancel(ReferencePipeline.java:126)
	at java.util.stream.AbstractPipeline.copyIntoWithCancel(AbstractPipeline.java:498)
	at java.util.stream.AbstractPipeline.copyInto(AbstractPipeline.java:485)
	at java.util.stream.AbstractPipeline.wrapAndCopyInto(AbstractPipeline.java:471)
	at java.util.stream.FindOps$FindOp.evaluateSequential(FindOps.java:152)
	at java.util.stream.AbstractPipeline.evaluate(AbstractPipeline.java:234)
	at java.util.stream.ReferencePipeline.findFirst(ReferencePipeline.java:464)
	at org.openqa.selenium.remote.ProtocolHandshake.createSession(ProtocolHandshake.java:128)
	... 46 more
]]></system-err>
  </testcase>
  <testcase name="plobalLogin" classname="com.Plobal.iOS_Plobal_Scripts.IOS_Plobal_Test_cases" time="0">
    <skipped/>
    <system-out><![CDATA[Suite
2022-10-11 15:24:30,521 [main] INFO  binary_data_logger - :::::::::Test plobalLogin Started::::::::
java.io.FileNotFoundException: C:\Users\IGS0501\Desktop\Plobal_iOS\Excel_Reports\11_10_2022\15_24_30.xlsx (The system cannot find the path specified)
]]></system-out>
  </testcase>
  <testcase name="plobalLogin" classname="com.Plobal.iOS_Plobal_Scripts.IOS_Plobal_Test_cases" time="0.305">
    <failure message="nodeName cannot be null or empty" type="java.lang.IllegalArgumentException">java.lang.IllegalArgumentException: nodeName cannot be null or empty
</failure>
  </testcase>
  <testcase name="plobalSelectItem" classname="com.Plobal.iOS_Plobal_Scripts.IOS_Plobal_Test_cases" time="0">
    <skipped/>
    <system-out><![CDATA[Suite
2022-10-11 15:24:30,824 [main] INFO  binary_data_logger - :::::::::Test plobalSelectItem Started::::::::
java.io.FileNotFoundException: C:\Users\IGS0501\Desktop\Plobal_iOS\Excel_Reports\11_10_2022\15_24_30.xlsx (The system cannot find the path specified)
]]></system-out>
  </testcase>
  <testcase name="plobalSelectItem" classname="com.Plobal.iOS_Plobal_Scripts.IOS_Plobal_Test_cases" time="0.018">
    <failure message="nodeName cannot be null or empty" type="java.lang.IllegalArgumentException">java.lang.IllegalArgumentException: nodeName cannot be null or empty
</failure>
  </testcase>
  <testcase name="addProductToCart" classname="com.Plobal.iOS_Plobal_Scripts.IOS_Plobal_Test_cases" time="0">
    <skipped/>
    <system-out><![CDATA[Suite
2022-10-11 15:24:30,844 [main] INFO  binary_data_logger - :::::::::Test addProductToCart Started::::::::
java.io.FileNotFoundException: C:\Users\IGS0501\Desktop\Plobal_iOS\Excel_Reports\11_10_2022\15_24_30.xlsx (The system cannot find the path specified)
]]></system-out>
  </testcase>
  <testcase name="addProductToCart" classname="com.Plobal.iOS_Plobal_Scripts.IOS_Plobal_Test_cases" time="0.019">
    <failure message="nodeName cannot be null or empty" type="java.lang.IllegalArgumentException">java.lang.IllegalArgumentException: nodeName cannot be null or empty
</failure>
  </testcase>
  <testcase name="plobalDeliveryAddress" classname="com.Plobal.iOS_Plobal_Scripts.IOS_Plobal_Test_cases" time="0">
    <skipped/>
    <system-out><![CDATA[Suite
2022-10-11 15:24:30,863 [main] INFO  binary_data_logger - :::::::::Test plobalDeliveryAddress Started::::::::
java.io.FileNotFoundException: C:\Users\IGS0501\Desktop\Plobal_iOS\Excel_Reports\11_10_2022\15_24_30.xlsx (The system cannot find the path specified)
]]></system-out>
  </testcase>
  <testcase name="plobalDeliveryAddress" classname="com.Plobal.iOS_Plobal_Scripts.IOS_Plobal_Test_cases" time="0.019">
    <failure message="nodeName cannot be null or empty" type="java.lang.IllegalArgumentException">java.lang.IllegalArgumentException: nodeName cannot be null or empty
</failure>
  </testcase>
  <testcase name="plobalSearchProduct" classname="com.Plobal.iOS_Plobal_Scripts.IOS_Plobal_Test_cases" time="0">
    <skipped/>
    <system-out><![CDATA[Suite
2022-10-11 15:24:30,884 [main] INFO  binary_data_logger - :::::::::Test plobalSearchProduct Started::::::::
java.io.FileNotFoundException: C:\Users\IGS0501\Desktop\Plobal_iOS\Excel_Reports\11_10_2022\15_24_30.xlsx (The system cannot find the path specified)
]]></system-out>
  </testcase>
  <testcase name="plobalSearchProduct" classname="com.Plobal.iOS_Plobal_Scripts.IOS_Plobal_Test_cases" time="0.018">
    <failure message="nodeName cannot be null or empty" type="java.lang.IllegalArgumentException">java.lang.IllegalArgumentException: nodeName cannot be null or empty
</failure>
  </testcase>
  <testcase name="plobalBarCodeSearchProduct" classname="com.Plobal.iOS_Plobal_Scripts.IOS_Plobal_Test_cases" time="0">
    <skipped/>
    <system-out><![CDATA[Suite
2022-10-11 15:24:30,903 [main] INFO  binary_data_logger - :::::::::Test plobalBarCodeSearchProduct Started::::::::
java.io.FileNotFoundException: C:\Users\IGS0501\Desktop\Plobal_iOS\Excel_Reports\11_10_2022\15_24_30.xlsx (The system cannot find the path specified)
]]></system-out>
  </testcase>
  <testcase name="plobalBarCodeSearchProduct" classname="com.Plobal.iOS_Plobal_Scripts.IOS_Plobal_Test_cases" time="0.021">
    <failure message="nodeName cannot be null or empty" type="java.lang.IllegalArgumentException">java.lang.IllegalArgumentException: nodeName cannot be null or empty
</failure>
  </testcase>
  <testcase name="plobalLogout" classname="com.Plobal.iOS_Plobal_Scripts.IOS_Plobal_Test_cases" time="0">
    <skipped/>
    <system-out><![CDATA[Suite
2022-10-11 15:24:30,925 [main] INFO  binary_data_logger - :::::::::Test plobalLogout Started::::::::
java.io.FileNotFoundException: C:\Users\IGS0501\Desktop\Plobal_iOS\Excel_Reports\11_10_2022\15_24_30.xlsx (The system cannot find the path specified)
]]></system-out>
  </testcase>
  <testcase name="plobalLogout" classname="com.Plobal.iOS_Plobal_Scripts.IOS_Plobal_Test_cases" time="0.021">
    <failure message="nodeName cannot be null or empty" type="java.lang.IllegalArgumentException">java.lang.IllegalArgumentException: nodeName cannot be null or empty
</failure>
  </testcase>
  <testcase name="plobalAppQuit" classname="com.Plobal.iOS_Plobal_Scripts.IOS_Plobal_Test_cases" time="0">
    <skipped/>
  </testcase>
</testsuite>