<?xml version="1.0" encoding="UTF-8"?>
<!-- Generated by org.testng.reporters.JUnitXMLReporter -->
<testsuite hostname="IGSs-MacBook-Pro.local" name="iOSHipiNeo" tests="8" failures="0" timestamp="15 Sep 2022 13:38:50 GMT" time="348.09" errors="0">
  <testcase name="VerifyFeedScreen_part1" time="64.072" classname="com.zee5.iOS_HiPi_NeoScripts.IOS_HiPi_Neo_Priority_P0_Test_cases"/>
  <testcase name="VerifyFeedScreen_part2" time="59.349" classname="com.zee5.iOS_HiPi_NeoScripts.IOS_HiPi_Neo_Priority_P0_Test_cases"/>
  <testcase name="VerifyFeedScreen_part3" time="10.928" classname="com.zee5.iOS_HiPi_NeoScripts.IOS_HiPi_Neo_Priority_P0_Test_cases"/>
  <testcase name="VerifyFeedScreen_part4" time="100.705" classname="com.zee5.iOS_HiPi_NeoScripts.IOS_HiPi_Neo_Priority_P0_Test_cases"/>
  <testcase name="VerifyFeedScreen_part5" time="2.284" classname="com.zee5.iOS_HiPi_NeoScripts.IOS_HiPi_Neo_Priority_P0_Test_cases"/>
  <testcase name="VerifyFeedScreen_part6" time="9.794" classname="com.zee5.iOS_HiPi_NeoScripts.IOS_HiPi_Neo_Priority_P0_Test_cases"/>
  <testcase name="VerifyFeedScreen_part7" time="13.135" classname="com.zee5.iOS_HiPi_NeoScripts.IOS_HiPi_Neo_Priority_P0_Test_cases"/>
  <testcase name="VerifyFeedScreen_part8" time="75.88" classname="com.zee5.iOS_HiPi_NeoScripts.IOS_HiPi_Neo_Priority_P0_Test_cases"/>
</testsuite> <!-- iOSHipiNeo -->
